[2026-03-25 15:09:14,323] 21 root - INFO - Loading vendor_invoice...
[2026-03-25 15:09:14,424] 24 root - INFO - Loading purchase_prices...
[2026-03-25 15:09:14,621] 27 root - INFO - Loading purchases...
[2026-03-25 15:10:09,561] 31 root - INFO - Adding features...
[2026-03-25 15:10:09,566] 55 root - WARNING - PONumber column missing in vendor_df or purchase_prices_df
[2026-03-25 15:10:09,567] 59 root - INFO - Adding days_to_receive column...
[2026-03-25 15:10:13,084] 70 root - INFO - Added days_to_receive column
[2026-03-25 15:10:13,088] 38 root - INFO - Selected columns: ['Quantity', 'Dollars', 'days_to_receive', 'Freight']
[2026-03-25 15:10:13,439] 50 root - INFO - Data shape after dropping missing: (2372474, 4)
[2026-03-25 15:10:13,441] 51 root - INFO - Dropped 0 rows with missing values
[2026-03-25 15:10:39,740] 91 root - INFO - Train shape: (1897979, 4)
[2026-03-25 15:10:39,741] 92 root - INFO - Test shape: (474495, 4)
[2026-03-25 15:10:39,741] 68 root - INFO - ============================================================
[2026-03-25 15:10:39,742] 69 root - INFO - DATA INGESTION COMPLETED SUCCESSFULLY
[2026-03-25 15:10:39,742] 70 root - INFO - ============================================================
[2026-03-25 15:10:39,743] 71 root - INFO - Train data saved to: ./data/raw/train.csv
[2026-03-25 15:10:39,743] 72 root - INFO - Test data saved to: ./data/raw/test.csv
[2026-03-25 15:10:39,743] 73 root - INFO - Train size: 1897979 rows
[2026-03-25 15:10:39,743] 74 root - INFO - Test size: 474495 rows
[2026-03-25 15:10:39,744] 75 root - INFO - Features: ['Quantity', 'Dollars', 'days_to_receive', 'Freight']
