[2026-03-25 23:24:10,222] 18 root - INFO - Loading vendor_invoice...
[2026-03-25 23:24:10,518] 21 root - INFO - Loading purchase_prices...
[2026-03-25 23:24:10,862] 24 root - INFO - Loading purchases...
[2026-03-25 23:26:25,752] 28 root - INFO - Adding features...
[2026-03-25 23:26:26,118] 55 root - WARNING - PONumber column missing in vendor_df or purchase_prices_df
[2026-03-25 23:26:26,118] 59 root - INFO - Adding days_to_receive column...
[2026-03-25 23:26:32,496] 70 root - INFO - Added days_to_receive column
[2026-03-25 23:26:32,498] 35 root - INFO - Selected columns: ['Quantity', 'Dollars', 'days_to_receive', 'Freight']
[2026-03-25 23:26:33,202] 47 root - INFO - Data shape after dropping missing: (2372474, 4)
[2026-03-25 23:26:33,206] 48 root - INFO - Dropped 0 rows with missing values
[2026-03-25 23:27:17,119] 90 root - INFO - Train shape: (1897979, 4)
[2026-03-25 23:27:17,120] 91 root - INFO - Test shape: (474495, 4)
[2026-03-25 23:27:17,120] 63 root - INFO - ============================================================
[2026-03-25 23:27:17,124] 64 root - INFO - DATA INGESTION COMPLETED SUCCESSFULLY
[2026-03-25 23:27:17,124] 65 root - INFO - ============================================================
[2026-03-25 23:27:17,124] 66 root - INFO - Train data saved to: ./data/raw/train.csv
[2026-03-25 23:27:17,125] 67 root - INFO - Test data saved to: ./data/raw/test.csv
[2026-03-25 23:27:17,125] 68 root - INFO - Train size: 1897979 rows
[2026-03-25 23:27:17,125] 69 root - INFO - Test size: 474495 rows
[2026-03-25 23:27:17,128] 70 root - INFO - Features: ['Quantity', 'Dollars', 'days_to_receive', 'Freight']
