[2026-03-24 23:46:30,098] 21 root - INFO - Loading vendor_invoice...
[2026-03-24 23:46:30,634] 24 root - INFO - Loading purchase_prices...
[2026-03-24 23:46:31,421] 27 root - INFO - Loading purchases...
[2026-03-24 23:48:07,552] 31 root - INFO - Adding features...
[2026-03-24 23:48:07,577] 55 root - WARNING - PONumber column missing in vendor_df or purchase_prices_df
[2026-03-24 23:48:07,577] 59 root - INFO - Adding days_to_receive column...
[2026-03-24 23:48:15,600] 70 root - INFO - Added days_to_receive column
[2026-03-24 23:48:15,603] 38 root - INFO - Selected columns: ['Quantity', 'Dollars', 'days_to_receive', 'Freight']
[2026-03-24 23:48:16,425] 50 root - INFO - Data shape after dropping missing: (2372474, 4)
[2026-03-24 23:48:16,442] 51 root - INFO - Dropped 0 rows with missing values
[2026-03-24 23:49:08,041] 91 root - INFO - Train shape: (1897979, 4)
[2026-03-24 23:49:08,049] 92 root - INFO - Test shape: (474495, 4)
[2026-03-24 23:49:08,050] 68 root - INFO - ============================================================
[2026-03-24 23:49:08,052] 69 root - INFO - DATA INGESTION COMPLETED SUCCESSFULLY
[2026-03-24 23:49:08,052] 70 root - INFO - ============================================================
[2026-03-24 23:49:08,052] 71 root - INFO - Train data saved to: ./data/raw/train.csv
[2026-03-24 23:49:08,053] 72 root - INFO - Test data saved to: ./data/raw/test.csv
[2026-03-24 23:49:08,053] 73 root - INFO - Train size: 1897979 rows
[2026-03-24 23:49:08,053] 74 root - INFO - Test size: 474495 rows
[2026-03-24 23:49:08,054] 75 root - INFO - Features: ['Quantity', 'Dollars', 'days_to_receive', 'Freight']
