[2026-03-24 23:51:24,551] 21 root - INFO - Loading vendor_invoice...
[2026-03-24 23:51:24,918] 24 root - INFO - Loading purchase_prices...
[2026-03-24 23:51:26,240] 27 root - INFO - Loading purchases...
[2026-03-24 23:53:22,597] 31 root - INFO - Adding features...
[2026-03-24 23:53:22,641] 55 root - WARNING - PONumber column missing in vendor_df or purchase_prices_df
[2026-03-24 23:53:22,642] 59 root - INFO - Adding days_to_receive column...
[2026-03-24 23:53:35,573] 70 root - INFO - Added days_to_receive column
[2026-03-24 23:53:35,577] 38 root - INFO - Selected columns: ['Quantity', 'Dollars', 'days_to_receive', 'Freight']
[2026-03-24 23:53:36,542] 50 root - INFO - Data shape after dropping missing: (2372474, 4)
[2026-03-24 23:53:36,560] 51 root - INFO - Dropped 0 rows with missing values
[2026-03-24 23:54:22,155] 91 root - INFO - Train shape: (1897979, 4)
[2026-03-24 23:54:22,250] 92 root - INFO - Test shape: (474495, 4)
[2026-03-24 23:54:22,251] 68 root - INFO - ============================================================
[2026-03-24 23:54:22,251] 69 root - INFO - DATA INGESTION COMPLETED SUCCESSFULLY
[2026-03-24 23:54:22,251] 70 root - INFO - ============================================================
[2026-03-24 23:54:22,276] 71 root - INFO - Train data saved to: ./data/raw/train.csv
[2026-03-24 23:54:22,277] 72 root - INFO - Test data saved to: ./data/raw/test.csv
[2026-03-24 23:54:22,278] 73 root - INFO - Train size: 1897979 rows
[2026-03-24 23:54:22,287] 74 root - INFO - Test size: 474495 rows
[2026-03-24 23:54:22,288] 75 root - INFO - Features: ['Quantity', 'Dollars', 'days_to_receive', 'Freight']
