[2026-03-26 00:27:25,262] 18 root - INFO - Loading vendor_invoice...
[2026-03-26 00:27:25,746] 21 root - INFO - Loading purchase_prices...
[2026-03-26 00:27:26,541] 24 root - INFO - Loading purchases...
[2026-03-26 00:29:15,102] 28 root - INFO - Adding features...
[2026-03-26 00:29:15,117] 55 root - WARNING - PONumber column missing in vendor_df or purchase_prices_df
[2026-03-26 00:29:15,119] 59 root - INFO - Adding days_to_receive column...
[2026-03-26 00:29:22,461] 70 root - INFO - Added days_to_receive column
[2026-03-26 00:29:22,463] 35 root - INFO - Selected columns: ['Quantity', 'Dollars', 'days_to_receive', 'Freight']
[2026-03-26 00:29:23,011] 47 root - INFO - Data shape after dropping missing: (2372474, 4)
[2026-03-26 00:29:23,012] 48 root - INFO - Dropped 0 rows with missing values
[2026-03-26 00:30:15,359] 90 root - INFO - Train shape: (1897979, 4)
[2026-03-26 00:30:15,360] 91 root - INFO - Test shape: (474495, 4)
[2026-03-26 00:30:15,361] 63 root - INFO - ============================================================
[2026-03-26 00:30:15,362] 64 root - INFO - DATA INGESTION COMPLETED SUCCESSFULLY
[2026-03-26 00:30:15,362] 65 root - INFO - ============================================================
[2026-03-26 00:30:15,362] 66 root - INFO - Train data saved to: ./data/raw/train.csv
[2026-03-26 00:30:15,363] 67 root - INFO - Test data saved to: ./data/raw/test.csv
[2026-03-26 00:30:15,363] 68 root - INFO - Train size: 1897979 rows
[2026-03-26 00:30:15,364] 69 root - INFO - Test size: 474495 rows
[2026-03-26 00:30:15,365] 70 root - INFO - Features: ['Quantity', 'Dollars', 'days_to_receive', 'Freight']
