[2026-03-25 15:15:48,754] 21 root - INFO - Loading vendor_invoice...
[2026-03-25 15:15:48,855] 24 root - INFO - Loading purchase_prices...
[2026-03-25 15:15:49,037] 27 root - INFO - Loading purchases...
[2026-03-25 15:16:46,154] 31 root - INFO - Adding features...
[2026-03-25 15:16:46,160] 55 root - WARNING - PONumber column missing in vendor_df or purchase_prices_df
[2026-03-25 15:16:46,161] 59 root - INFO - Adding days_to_receive column...
[2026-03-25 15:16:49,734] 70 root - INFO - Added days_to_receive column
[2026-03-25 15:16:49,736] 38 root - INFO - Selected columns: ['Quantity', 'Dollars', 'days_to_receive', 'Freight']
[2026-03-25 15:16:50,087] 50 root - INFO - Data shape after dropping missing: (2372474, 4)
[2026-03-25 15:16:50,088] 51 root - INFO - Dropped 0 rows with missing values
[2026-03-25 15:17:24,500] 91 root - INFO - Train shape: (1897979, 4)
[2026-03-25 15:17:24,501] 92 root - INFO - Test shape: (474495, 4)
[2026-03-25 15:17:24,501] 68 root - INFO - ============================================================
[2026-03-25 15:17:24,501] 69 root - INFO - DATA INGESTION COMPLETED SUCCESSFULLY
[2026-03-25 15:17:24,501] 70 root - INFO - ============================================================
[2026-03-25 15:17:24,502] 71 root - INFO - Train data saved to: ./data/raw/train.csv
[2026-03-25 15:17:24,502] 72 root - INFO - Test data saved to: ./data/raw/test.csv
[2026-03-25 15:17:24,504] 73 root - INFO - Train size: 1897979 rows
[2026-03-25 15:17:24,504] 74 root - INFO - Test size: 474495 rows
[2026-03-25 15:17:24,504] 75 root - INFO - Features: ['Quantity', 'Dollars', 'days_to_receive', 'Freight']
