[2026-03-25 15:18:43,554] 21 root - INFO - Loading vendor_invoice...
[2026-03-25 15:18:43,676] 24 root - INFO - Loading purchase_prices...
[2026-03-25 15:18:43,873] 27 root - INFO - Loading purchases...
[2026-03-25 15:19:59,429] 31 root - INFO - Adding features...
[2026-03-25 15:19:59,433] 55 root - WARNING - PONumber column missing in vendor_df or purchase_prices_df
[2026-03-25 15:19:59,433] 59 root - INFO - Adding days_to_receive column...
[2026-03-25 15:20:02,339] 70 root - INFO - Added days_to_receive column
[2026-03-25 15:20:02,340] 38 root - INFO - Selected columns: ['Quantity', 'Dollars', 'days_to_receive', 'Freight']
[2026-03-25 15:20:02,675] 50 root - INFO - Data shape after dropping missing: (2372474, 4)
[2026-03-25 15:20:02,676] 51 root - INFO - Dropped 0 rows with missing values
[2026-03-25 15:20:27,965] 91 root - INFO - Train shape: (1897979, 4)
[2026-03-25 15:20:27,966] 92 root - INFO - Test shape: (474495, 4)
[2026-03-25 15:20:27,966] 68 root - INFO - ============================================================
[2026-03-25 15:20:27,967] 69 root - INFO - DATA INGESTION COMPLETED SUCCESSFULLY
[2026-03-25 15:20:27,967] 70 root - INFO - ============================================================
[2026-03-25 15:20:27,967] 71 root - INFO - Train data saved to: ./data/raw/train.csv
[2026-03-25 15:20:27,967] 72 root - INFO - Test data saved to: ./data/raw/test.csv
[2026-03-25 15:20:27,968] 73 root - INFO - Train size: 1897979 rows
[2026-03-25 15:20:27,968] 74 root - INFO - Test size: 474495 rows
[2026-03-25 15:20:27,968] 75 root - INFO - Features: ['Quantity', 'Dollars', 'days_to_receive', 'Freight']
